2025-11-26 23:13:36,241 - INFO - Creating vendor summary table...
2025-11-26 23:14:15,969 - INFO -    VendorNumber  ... freight_cost
0          1128  ...     68601.68
1          4425  ...    144929.24
2         17035  ...    123780.22
3          3960  ...    257032.07
4          3960  ...    257032.07

[5 rows x 14 columns]
2025-11-26 23:14:15,997 - INFO - Cleaning data...
2025-11-26 23:14:16,005 - INFO -    VendorNumber  ... sales_purchase_ratio
0          1128  ...             1.338647
1          4425  ...             1.266830
2         17035  ...             1.327594
3          3960  ...             1.372493
4          3960  ...             1.396897

[5 rows x 18 columns]
2025-11-26 23:14:16,017 - INFO - Inserting cleaned data into database...
2025-11-26 23:18:17,515 - INFO - Creating vendor summary table...
2025-11-26 23:19:01,470 - INFO -    VendorNumber                   VendorName  Brand              Description  ...  total_sales_dollars  total_sales_price total_excise_tax  freight_cost
0          1128  BROWN-FORMAN CORP             1233  Jack Daniels No 7 Black  ...         5.101920e+06          672819.31        260999.20      68601.68
1          4425        MARTIGNETTI COMPANIES   3405    Tito's Handmade Vodka  ...         4.819073e+06          561512.37        294438.66     144929.24
2         17035  PERNOD RICARD USA             8068         Absolut 80 Proof  ...         4.538121e+06          461140.15        343854.07     123780.22
3          3960  DIAGEO NORTH AMERICA INC      4261   Capt Morgan Spiced Rum  ...         4.475973e+06          420050.01        368242.80     257032.07
4          3960  DIAGEO NORTH AMERICA INC      3545          Ketel One Vodka  ...         4.223108e+06          545778.28        249587.83     257032.07

[5 rows x 14 columns]
2025-11-26 23:19:01,492 - INFO - Cleaning data...
2025-11-26 23:19:01,501 - INFO -    VendorNumber                VendorName  Brand              Description  PurchasePrice  ...  freight_cost  gross_profit  profit_margin  stock_turn_over  sales_purchase_ratio
0          1128         BROWN-FORMAN CORP   1233  Jack Daniels No 7 Black          26.27  ...      68601.68    1290667.91      25.297693         0.979108              1.338647
1          4425     MARTIGNETTI COMPANIES   3405    Tito's Handmade Vodka          23.19  ...     144929.24    1015032.27      21.062810         0.976890              1.266830
2         17035         PERNOD RICARD USA   8068         Absolut 80 Proof          18.24  ...     123780.22    1119816.92      24.675786         0.998575              1.327594
3          3960  DIAGEO NORTH AMERICA INC   4261   Capt Morgan Spiced Rum          16.17  ...     257032.07    1214774.94      27.139908         0.993703              1.372493
4          3960  DIAGEO NORTH AMERICA INC   3545          Ketel One Vodka          21.89  ...     257032.07    1199901.61      28.412764         0.983556              1.396897

[5 rows x 18 columns]
2025-11-26 23:19:01,513 - INFO - Inserting cleaned data into database...
2025-11-26 23:24:46,954 - INFO - Creating vendor summary table...
2025-11-26 23:25:34,010 - INFO -    VendorNumber                   VendorName  Brand              Description  ...  total_sales_dollars  total_sales_price total_excise_tax  freight_cost
0          1128  BROWN-FORMAN CORP             1233  Jack Daniels No 7 Black  ...         5.101920e+06          672819.31        260999.20      68601.68
1          4425        MARTIGNETTI COMPANIES   3405    Tito's Handmade Vodka  ...         4.819073e+06          561512.37        294438.66     144929.24
2         17035  PERNOD RICARD USA             8068         Absolut 80 Proof  ...         4.538121e+06          461140.15        343854.07     123780.22
3          3960  DIAGEO NORTH AMERICA INC      4261   Capt Morgan Spiced Rum  ...         4.475973e+06          420050.01        368242.80     257032.07
4          3960  DIAGEO NORTH AMERICA INC      3545          Ketel One Vodka  ...         4.223108e+06          545778.28        249587.83     257032.07

[5 rows x 14 columns]
2025-11-26 23:25:34,040 - INFO - Cleaning data...
2025-11-26 23:25:34,049 - INFO -    VendorNumber                VendorName  Brand              Description  PurchasePrice  ...  freight_cost  gross_profit  profit_margin  stock_turn_over  sales_purchase_ratio
0          1128         BROWN-FORMAN CORP   1233  Jack Daniels No 7 Black          26.27  ...      68601.68    1290667.91      25.297693         0.979108              1.338647
1          4425     MARTIGNETTI COMPANIES   3405    Tito's Handmade Vodka          23.19  ...     144929.24    1015032.27      21.062810         0.976890              1.266830
2         17035         PERNOD RICARD USA   8068         Absolut 80 Proof          18.24  ...     123780.22    1119816.92      24.675786         0.998575              1.327594
3          3960  DIAGEO NORTH AMERICA INC   4261   Capt Morgan Spiced Rum          16.17  ...     257032.07    1214774.94      27.139908         0.993703              1.372493
4          3960  DIAGEO NORTH AMERICA INC   3545          Ketel One Vodka          21.89  ...     257032.07    1199901.61      28.412764         0.983556              1.396897

[5 rows x 18 columns]
2025-11-26 23:25:34,068 - INFO - Inserting cleaned data into database...
2025-11-26 23:28:54,557 - INFO - Creating vendor summary table...
2025-11-26 23:29:33,600 - INFO -    VendorNumber                   VendorName  Brand              Description  ...  total_sales_dollars  total_sales_price total_excise_tax  freight_cost
0          1128  BROWN-FORMAN CORP             1233  Jack Daniels No 7 Black  ...         5.101920e+06          672819.31        260999.20      68601.68
1          4425        MARTIGNETTI COMPANIES   3405    Tito's Handmade Vodka  ...         4.819073e+06          561512.37        294438.66     144929.24
2         17035  PERNOD RICARD USA             8068         Absolut 80 Proof  ...         4.538121e+06          461140.15        343854.07     123780.22
3          3960  DIAGEO NORTH AMERICA INC      4261   Capt Morgan Spiced Rum  ...         4.475973e+06          420050.01        368242.80     257032.07
4          3960  DIAGEO NORTH AMERICA INC      3545          Ketel One Vodka  ...         4.223108e+06          545778.28        249587.83     257032.07

[5 rows x 14 columns]
2025-11-26 23:29:33,626 - INFO - Cleaning data...
2025-11-26 23:29:56,632 - INFO - Creating vendor summary table...
2025-11-26 23:30:42,223 - INFO -    VendorNumber                   VendorName  Brand              Description  ...  total_sales_dollars  total_sales_price total_excise_tax  freight_cost
0          1128  BROWN-FORMAN CORP             1233  Jack Daniels No 7 Black  ...         5.101920e+06          672819.31        260999.20      68601.68
1          4425        MARTIGNETTI COMPANIES   3405    Tito's Handmade Vodka  ...         4.819073e+06          561512.37        294438.66     144929.24
2         17035  PERNOD RICARD USA             8068         Absolut 80 Proof  ...         4.538121e+06          461140.15        343854.07     123780.22
3          3960  DIAGEO NORTH AMERICA INC      4261   Capt Morgan Spiced Rum  ...         4.475973e+06          420050.01        368242.80     257032.07
4          3960  DIAGEO NORTH AMERICA INC      3545          Ketel One Vodka  ...         4.223108e+06          545778.28        249587.83     257032.07

[5 rows x 14 columns]
2025-11-26 23:30:42,259 - INFO - Cleaning data...
2025-11-26 23:30:42,288 - INFO -    VendorNumber                VendorName  Brand              Description  PurchasePrice  ...  freight_cost  gross_profit  profit_margin  stock_turn_over  sales_purchase_ratio
0          1128         BROWN-FORMAN CORP   1233  Jack Daniels No 7 Black          26.27  ...      68601.68    1290667.91      25.297693         0.979108              1.338647
1          4425     MARTIGNETTI COMPANIES   3405    Tito's Handmade Vodka          23.19  ...     144929.24    1015032.27      21.062810         0.976890              1.266830
2         17035         PERNOD RICARD USA   8068         Absolut 80 Proof          18.24  ...     123780.22    1119816.92      24.675786         0.998575              1.327594
3          3960  DIAGEO NORTH AMERICA INC   4261   Capt Morgan Spiced Rum          16.17  ...     257032.07    1214774.94      27.139908         0.993703              1.372493
4          3960  DIAGEO NORTH AMERICA INC   3545          Ketel One Vodka          21.89  ...     257032.07    1199901.61      28.412764         0.983556              1.396897

[5 rows x 18 columns]
2025-11-26 23:30:42,309 - INFO - Inserting cleaned data into database...
2025-11-26 23:30:43,478 - INFO - COMPLETED
2025-11-26 23:34:59,387 - INFO - Creating vendor summary table...
2025-11-26 23:35:39,895 - INFO -    VendorNumber                   VendorName  Brand              Description  ...  total_sales_dollars  total_sales_price total_excise_tax  freight_cost
0          1128  BROWN-FORMAN CORP             1233  Jack Daniels No 7 Black  ...         5.101920e+06          672819.31        260999.20      68601.68
1          4425        MARTIGNETTI COMPANIES   3405    Tito's Handmade Vodka  ...         4.819073e+06          561512.37        294438.66     144929.24
2         17035  PERNOD RICARD USA             8068         Absolut 80 Proof  ...         4.538121e+06          461140.15        343854.07     123780.22
3          3960  DIAGEO NORTH AMERICA INC      4261   Capt Morgan Spiced Rum  ...         4.475973e+06          420050.01        368242.80     257032.07
4          3960  DIAGEO NORTH AMERICA INC      3545          Ketel One Vodka  ...         4.223108e+06          545778.28        249587.83     257032.07

[5 rows x 14 columns]
2025-11-26 23:35:39,933 - INFO - Cleaning data...
2025-11-26 23:35:39,955 - INFO -    VendorNumber                VendorName  Brand              Description  PurchasePrice  ...  freight_cost  gross_profit  profit_margin  stock_turn_over  sales_purchase_ratio
0          1128         BROWN-FORMAN CORP   1233  Jack Daniels No 7 Black          26.27  ...      68601.68    1290667.91      25.297693         0.979108              1.338647
1          4425     MARTIGNETTI COMPANIES   3405    Tito's Handmade Vodka          23.19  ...     144929.24    1015032.27      21.062810         0.976890              1.266830
2         17035         PERNOD RICARD USA   8068         Absolut 80 Proof          18.24  ...     123780.22    1119816.92      24.675786         0.998575              1.327594
3          3960  DIAGEO NORTH AMERICA INC   4261   Capt Morgan Spiced Rum          16.17  ...     257032.07    1214774.94      27.139908         0.993703              1.372493
4          3960  DIAGEO NORTH AMERICA INC   3545          Ketel One Vodka          21.89  ...     257032.07    1199901.61      28.412764         0.983556              1.396897

[5 rows x 18 columns]
2025-11-26 23:35:39,978 - INFO - Inserting cleaned data into database...
2025-11-26 23:35:41,231 - INFO - COMPLETED
